Determining if the pthread_create exist failed with the following output:
Change Dir: /home/mech-user/soft3/2015-soft3/20150930/build/beginner_tutorials/CMakeFiles/CMakeTmp

Run Build Command:/usr/bin/make "cmTryCompileExec1745312458/fast"
/usr/bin/make -f CMakeFiles/cmTryCompileExec1745312458.dir/build.make CMakeFiles/cmTryCompileExec1745312458.dir/build
make[1]: ディレクトリ `/home/mech-user/soft3/2015-soft3/20150930/build/beginner_tutorials/CMakeFiles/CMakeTmp' に入ります
/usr/bin/cmake -E cmake_progress_report /home/mech-user/soft3/2015-soft3/20150930/build/beginner_tutorials/CMakeFiles/CMakeTmp/CMakeFiles 1
Building C object CMakeFiles/cmTryCompileExec1745312458.dir/CheckSymbolExists.c.o
/usr/bin/cc    -o CMakeFiles/cmTryCompileExec1745312458.dir/CheckSymbolExists.c.o   -c /home/mech-user/soft3/2015-soft3/20150930/build/beginner_tutorials/CMakeFiles/CMakeTmp/CheckSymbolExists.c
Linking C executable cmTryCompileExec1745312458
/usr/bin/cmake -E cmake_link_script CMakeFiles/cmTryCompileExec1745312458.dir/link.txt --verbose=1
/usr/bin/cc       CMakeFiles/cmTryCompileExec1745312458.dir/CheckSymbolExists.c.o  -o cmTryCompileExec1745312458 -rdynamic 
CMakeFiles/cmTryCompileExec1745312458.dir/CheckSymbolExists.c.o: 関数 `main' 内:
CheckSymbolExists.c:(.text+0x16): `pthread_create' に対する定義されていない参照です
collect2: error: ld returned 1 exit status
make[1]: *** [cmTryCompileExec1745312458] エラー 1
make[1]: ディレクトリ `/home/mech-user/soft3/2015-soft3/20150930/build/beginner_tutorials/CMakeFiles/CMakeTmp' から出ます
make: *** [cmTryCompileExec1745312458/fast] エラー 2

File /home/mech-user/soft3/2015-soft3/20150930/build/beginner_tutorials/CMakeFiles/CMakeTmp/CheckSymbolExists.c:
/* */
#include <pthread.h>

int main(int argc, char** argv)
{
  (void)argv;
#ifndef pthread_create
  return ((int*)(&pthread_create))[argc];
#else
  (void)argc;
  return 0;
#endif
}

Determining if the function pthread_create exists in the pthreads failed with the following output:
Change Dir: /home/mech-user/soft3/2015-soft3/20150930/build/beginner_tutorials/CMakeFiles/CMakeTmp

Run Build Command:/usr/bin/make "cmTryCompileExec1047140319/fast"
/usr/bin/make -f CMakeFiles/cmTryCompileExec1047140319.dir/build.make CMakeFiles/cmTryCompileExec1047140319.dir/build
make[1]: ディレクトリ `/home/mech-user/soft3/2015-soft3/20150930/build/beginner_tutorials/CMakeFiles/CMakeTmp' に入ります
/usr/bin/cmake -E cmake_progress_report /home/mech-user/soft3/2015-soft3/20150930/build/beginner_tutorials/CMakeFiles/CMakeTmp/CMakeFiles 1
Building C object CMakeFiles/cmTryCompileExec1047140319.dir/CheckFunctionExists.c.o
/usr/bin/cc   -DCHECK_FUNCTION_EXISTS=pthread_create   -o CMakeFiles/cmTryCompileExec1047140319.dir/CheckFunctionExists.c.o   -c /usr/share/cmake-2.8/Modules/CheckFunctionExists.c
Linking C executable cmTryCompileExec1047140319
/usr/bin/cmake -E cmake_link_script CMakeFiles/cmTryCompileExec1047140319.dir/link.txt --verbose=1
/usr/bin/cc   -DCHECK_FUNCTION_EXISTS=pthread_create    CMakeFiles/cmTryCompileExec1047140319.dir/CheckFunctionExists.c.o  -o cmTryCompileExec1047140319 -rdynamic -lpthreads 
/usr/bin/ld: -lpthreads が見つかりません
collect2: error: ld returned 1 exit status
make[1]: *** [cmTryCompileExec1047140319] エラー 1
make[1]: ディレクトリ `/home/mech-user/soft3/2015-soft3/20150930/build/beginner_tutorials/CMakeFiles/CMakeTmp' から出ます
make: *** [cmTryCompileExec1047140319/fast] エラー 2


